!SESSION 2018-08-09 17:54:11.616 -----------------------------------------------
eclipse.buildId=4.6.3.M20170301-0400
java.version=1.8.0_161
java.vendor=Oracle Corporation
BootLoader constants: OS=win32, ARCH=x86_64, WS=win32, NL=ko_KR
Framework arguments:  -product org.eclipse.epp.package.jee.product
Command-line arguments:  -os win32 -ws win32 -arch x86_64 -product org.eclipse.epp.package.jee.product

!ENTRY org.eclipse.osgi 4 0 2018-08-09 17:54:38.955
!MESSAGE Application error
!STACK 1
org.eclipse.swt.SWTError: No more handles
	at org.eclipse.swt.SWT.error(SWT.java:4559)
	at org.eclipse.swt.SWT.error(SWT.java:4448)
	at org.eclipse.swt.SWT.error(SWT.java:4419)
	at org.eclipse.swt.widgets.Widget.error(Widget.java:482)
	at org.eclipse.swt.widgets.Control.createHandle(Control.java:718)
	at org.eclipse.swt.widgets.Composite.createHandle(Composite.java:315)
	at org.eclipse.swt.widgets.Decorations.createHandle(Decorations.java:429)
	at org.eclipse.swt.widgets.Shell.createHandle(Shell.java:593)
	at org.eclipse.swt.widgets.Control.createWidget(Control.java:758)
	at org.eclipse.swt.widgets.Scrollable.createWidget(Scrollable.java:151)
	at org.eclipse.swt.widgets.Decorations.createWidget(Decorations.java:438)
	at org.eclipse.swt.widgets.Shell.<init>(Shell.java:300)
	at org.eclipse.swt.widgets.Shell.<init>(Shell.java:379)
	at org.eclipse.jface.window.Window.createShell(Window.java:482)
	at org.eclipse.jface.window.Window.create(Window.java:425)
	at org.eclipse.jface.dialogs.Dialog.create(Dialog.java:1095)
	at org.eclipse.jface.window.Window.open(Window.java:783)
	at org.eclipse.jface.dialogs.MessageDialog.open(MessageDialog.java:396)
	at org.eclipse.jface.dialogs.MessageDialog.open(MessageDialog.java:424)
	at org.eclipse.jface.dialogs.MessageDialog.openError(MessageDialog.java:486)
	at org.eclipse.ui.internal.ide.application.IDEApplication.checkInstanceLocation(IDEApplication.java:302)
	at org.eclipse.ui.internal.ide.application.IDEApplication.start(IDEApplication.java:128)
	at org.eclipse.equinox.internal.app.EclipseAppHandle.run(EclipseAppHandle.java:196)
	at org.eclipse.core.runtime.internal.adaptor.EclipseAppLauncher.runApplication(EclipseAppLauncher.java:134)
	at org.eclipse.core.runtime.internal.adaptor.EclipseAppLauncher.start(EclipseAppLauncher.java:104)
	at org.eclipse.core.runtime.adaptor.EclipseStarter.run(EclipseStarter.java:388)
	at org.eclipse.core.runtime.adaptor.EclipseStarter.run(EclipseStarter.java:243)
	at sun.reflect.NativeMethodAccessorImpl.invoke0(Native Method)
	at sun.reflect.NativeMethodAccessorImpl.invoke(NativeMethodAccessorImpl.java:62)
	at sun.reflect.DelegatingMethodAccessorImpl.invoke(DelegatingMethodAccessorImpl.java:43)
	at java.lang.reflect.Method.invoke(Method.java:498)
	at org.eclipse.equinox.launcher.Main.invokeFramework(Main.java:673)
	at org.eclipse.equinox.launcher.Main.basicRun(Main.java:610)
	at org.eclipse.equinox.launcher.Main.run(Main.java:1519)
